\BOOKMARK [1][-]{section.1}{\376\377\000R\000E\000S\000U\000M\000E\000N\000\040\000E\000J\000E\000C\000U\000T\000I\000V\000O}{}% 1
\BOOKMARK [2][-]{subsection.1.1}{\376\377\000R\000e\000s\000u\000m\000e\000n\000\040\000d\000e\000\040\000H\000a\000l\000l\000a\000z\000g\000o\000s}{section.1}% 2
\BOOKMARK [1][-]{section.2}{\376\377\000F\000A\000S\000E\000\040\0001\000:\000\040\000P\000L\000A\000N\000I\000F\000I\000C\000A\000C\000I\000\323\000N\000\040\000Y\000\040\000A\000L\000C\000A\000N\000C\000E}{}% 3
\BOOKMARK [2][-]{subsection.2.1}{\376\377\000E\000s\000c\000e\000n\000a\000r\000i\000o\000\040\000d\000e\000\040\000T\000r\000a\000b\000a\000j\000o\000\040\000y\000\040\000R\000e\000g\000l\000a\000s\000\040\000d\000e\000\040\000C\000o\000m\000p\000r\000o\000m\000i\000s\000o}{section.2}% 4
\BOOKMARK [2][-]{subsection.2.2}{\376\377\000E\000n\000t\000o\000r\000n\000o\000\040\000T\000e\000c\000n\000o\000l\000\363\000g\000i\000c\000o\000\040\000T\000a\000r\000g\000e\000t}{section.2}% 5
\BOOKMARK [1][-]{section.3}{\376\377\000M\000E\000T\000O\000D\000O\000L\000O\000G\000\315\000A\000\040\000U\000S\000A\000D\000A\000,\000\040\000H\000E\000R\000R\000A\000M\000I\000E\000N\000T\000A\000S\000\040\000Y\000\040\000T\000T\000P\000s}{}% 6
\BOOKMARK [2][-]{subsection.3.1}{\376\377\000C\000i\000c\000l\000o\000\040\000M\000e\000t\000o\000d\000o\000l\000\363\000g\000i\000c\000o\000\040\000N\000I\000S\000T\000\040\000S\000P\000\040\0008\0000\0000\000-\0001\0001\0005}{section.3}% 7
\BOOKMARK [2][-]{subsection.3.2}{\376\377\000T\000\341\000c\000t\000i\000c\000a\000s\000,\000\040\000T\000\351\000c\000n\000i\000c\000a\000s\000\040\000y\000\040\000P\000r\000o\000c\000e\000d\000i\000m\000i\000e\000n\000t\000o\000s\000\040\000\050\000T\000T\000P\000s\000\051\000\040\000e\000m\000p\000l\000e\000a\000d\000a\000s\000\040\000\050\000M\000I\000T\000R\000E\000\040\000A\000T\000T\000\046\000C\000K\000\051}{section.3}% 8
\BOOKMARK [2][-]{subsection.3.3}{\376\377\000H\000e\000r\000r\000a\000m\000i\000e\000n\000t\000a\000s\000\040\000U\000t\000i\000l\000i\000z\000a\000d\000a\000s}{section.3}% 9
\BOOKMARK [1][-]{section.4}{\376\377\000F\000A\000S\000E\000\040\0002\000:\000\040\000D\000E\000S\000C\000U\000B\000R\000I\000M\000I\000E\000N\000T\000O\000\040\000Y\000\040\000E\000S\000C\000A\000N\000E\000O\000\040\000\050\000R\000E\000C\000O\000N\000N\000A\000I\000S\000S\000A\000N\000C\000E\000\051}{}% 10
\BOOKMARK [2][-]{subsection.4.1}{\376\377\000E\000s\000c\000a\000n\000e\000o\000\040\000d\000e\000\040\000P\000u\000e\000r\000t\000o\000s\000\040\000y\000\040\000B\000a\000n\000n\000e\000r\000\040\000G\000r\000a\000b\000b\000i\000n\000g}{section.4}% 11
\BOOKMARK [2][-]{subsection.4.2}{\376\377\000F\000i\000n\000g\000e\000r\000p\000r\000i\000n\000t\000i\000n\000g\000\040\000d\000e\000\040\000S\000i\000s\000t\000e\000m\000a\000\040\000O\000p\000e\000r\000a\000t\000i\000v\000o}{section.4}% 12
\BOOKMARK [1][-]{section.5}{\376\377\000F\000A\000S\000E\000\040\0003\000:\000\040\000A\000N\000\301\000L\000I\000S\000I\000S\000\040\000D\000E\000\040\000V\000U\000L\000N\000E\000R\000A\000B\000I\000L\000I\000D\000A\000D\000E\000S}{}% 13
\BOOKMARK [2][-]{subsection.5.1}{\376\377\000V\000u\000l\000n\000e\000r\000a\000b\000i\000l\000i\000d\000a\000d\000\040\000C\000r\000\355\000t\000i\000c\000a\000\040\000e\000n\000\040\000D\000r\000u\000p\000a\000l\000:\000\040\000C\000V\000E\000-\0002\0000\0001\0008\000-\0007\0006\0000\0000\000\040\000\050\000D\000r\000u\000p\000a\000l\000g\000e\000d\000d\000o\000n\0002\000\051}{section.5}% 14
\BOOKMARK [2][-]{subsection.5.2}{\376\377\000E\000x\000p\000o\000s\000i\000c\000i\000\363\000n\000\040\000d\000e\000l\000\040\000P\000u\000e\000r\000t\000o\000\040\000d\000e\000\040\000B\000a\000s\000e\000\040\000d\000e\000\040\000D\000a\000t\000o\000s\000\040\000M\000y\000S\000Q\000L}{section.5}% 15
\BOOKMARK [1][-]{section.6}{\376\377\000F\000A\000S\000E\000\040\0004\000:\000\040\000E\000X\000P\000L\000O\000T\000A\000C\000I\000\323\000N\000\040\000Y\000\040\000E\000S\000C\000A\000L\000A\000D\000A\000\040\000D\000E\000\040\000P\000R\000I\000V\000I\000L\000E\000G\000I\000O\000S}{}% 16
\BOOKMARK [2][-]{subsection.6.1}{\376\377\000E\000j\000e\000c\000u\000c\000i\000\363\000n\000\040\000d\000e\000l\000\040\000A\000t\000a\000q\000u\000e\000\040\000\050\000C\000a\000d\000e\000n\000a\000\040\000d\000e\000\040\000E\000x\000p\000l\000o\000t\000a\000c\000i\000\363\000n\000\051}{section.6}% 17
\BOOKMARK [1][-]{section.7}{\376\377\000E\000V\000I\000D\000E\000N\000C\000I\000A\000S\000\040\000Y\000\040\000L\000O\000G\000S\000\040\000D\000E\000\040\000E\000J\000E\000C\000U\000C\000I\000\323\000N\000\040\000\050\000R\000E\000P\000R\000O\000D\000U\000C\000I\000B\000I\000L\000I\000D\000A\000D\000\051}{}% 18
\BOOKMARK [1][-]{section.8}{\376\377\000P\000L\000A\000N\000\040\000D\000E\000\040\000A\000C\000C\000I\000\323\000N\000\040\000Y\000\040\000M\000I\000T\000I\000G\000A\000C\000I\000O\000N\000E\000S\000\040\000R\000E\000C\000O\000M\000E\000N\000D\000A\000D\000A\000S\000\040\000\050\000B\000L\000U\000E\000\040\000T\000E\000A\000M\000\051}{}% 19
\BOOKMARK [2][-]{subsection.8.1}{\376\377\000M\000i\000t\000i\000g\000a\000c\000i\000\363\000n\000\040\000d\000e\000\040\000l\000a\000\040\000V\000u\000l\000n\000e\000r\000a\000b\000i\000l\000i\000d\000a\000d\000\040\000d\000e\000\040\000D\000r\000u\000p\000a\000l\000\040\000\050\000C\000V\000E\000-\0002\0000\0001\0008\000-\0007\0006\0000\0000\000\051}{section.8}% 20
\BOOKMARK [2][-]{subsection.8.2}{\376\377\000R\000e\000m\000e\000d\000i\000a\000c\000i\000\363\000n\000\040\000d\000e\000l\000\040\000S\000e\000r\000v\000i\000d\000o\000r\000\040\000W\000e\000b\000\040\000A\000p\000a\000c\000h\000e\000\040\000y\000\040\000L\000i\000m\000p\000i\000e\000z\000a\000\040\000d\000e\000\040\000B\000a\000c\000k\000d\000o\000o\000r\000s}{section.8}% 21
\BOOKMARK [2][-]{subsection.8.3}{\376\377\000E\000n\000d\000u\000r\000e\000c\000i\000m\000i\000e\000n\000t\000o\000\040\000d\000e\000\040\000P\000o\000l\000\355\000t\000i\000c\000a\000s\000\040\000d\000e\000\040\000E\000s\000c\000a\000l\000a\000d\000a\000\040\000d\000e\000\040\000P\000r\000i\000v\000i\000l\000e\000g\000i\000o\000s\000\040\000\050\000S\000u\000d\000o\000e\000r\000s\000\051}{section.8}% 22
\BOOKMARK [2][-]{subsection.8.4}{\376\377\000H\000a\000r\000d\000e\000n\000i\000n\000g\000\040\000d\000e\000\040\000R\000e\000d\000\040\000y\000\040\000S\000e\000r\000v\000i\000c\000i\000o\000s\000\040\000d\000e\000\040\000B\000a\000s\000e\000\040\000d\000e\000\040\000D\000a\000t\000o\000s}{section.8}% 23
\BOOKMARK [1][-]{section.9}{\376\377\000U\000S\000O\000\040\000E\000S\000T\000R\000A\000T\000\311\000G\000I\000C\000O\000\040\000D\000E\000\040\000L\000O\000S\000\040\000R\000E\000S\000U\000L\000T\000A\000D\000O\000S\000\040\000D\000E\000\040\000L\000A\000\040\000A\000U\000D\000I\000T\000O\000R\000\315\000A}{}% 24
\BOOKMARK [1][-]{section.10}{\376\377\000A\000N\000E\000X\000O\000\040\000T\000\311\000C\000N\000I\000C\000O}{}% 25
\BOOKMARK [2][-]{subsection.10.1}{\376\377\000R\000e\000f\000e\000r\000e\000n\000c\000i\000a\000s\000\040\000N\000o\000r\000m\000a\000t\000i\000v\000a\000s\000\040\000e\000\040\000I\000n\000f\000o\000r\000m\000a\000c\000i\000\363\000n\000\040\000d\000e\000\040\000V\000u\000l\000n\000e\000r\000a\000b\000i\000l\000i\000d\000a\000d\000e\000s}{section.10}% 26
\BOOKMARK [2][-]{subsection.10.2}{\376\377\000L\000i\000s\000t\000a\000\040\000d\000e\000\040\000C\000o\000n\000t\000r\000o\000l\000\040\000d\000e\000\040\000R\000e\000p\000r\000o\000d\000u\000c\000i\000b\000i\000l\000i\000d\000a\000d\000\040\000\050\000R\000e\000p\000l\000i\000c\000a\000t\000i\000o\000n\000\040\000C\000h\000e\000c\000k\000l\000i\000s\000t\000\051}{section.10}% 27
